{"C:\\dev_workspace\\microverse-workspace\\JS-Capstone\\src\\module\\ItemCounter.js": {"path":"C:\\dev_workspace\\microverse-workspace\\JS-Capstone\\src\\module\\ItemCounter.js","statementMap":{"0":{"start":{"line":1,"column":20},"end":{"line":6,"column":1}},"1":{"start":{"line":3,"column":16},"end":{"line":3,"column":45}},"2":{"start":{"line":5,"column":2},"end":{"line":5,"column":15}}},"fnMap":{"0":{"name":"(anonymous_0)","decl":{"start":{"line":1,"column":20},"end":{"line":1,"column":21}},"loc":{"start":{"line":1,"column":37},"end":{"line":6,"column":1}},"line":1}},"branchMap":{},"s":{"0":1,"1":1,"2":1},"f":{"0":1},"b":{},"_coverageSchema":"1a1c01bbd47fc00a2c39e90264f33305004495a9","hash":"92bfc48edfaafc6aac8c5fa3c632d0a6f5e27b24"}
}
